Browserslist: browsers data (caniuse-lite) is 6 months old. Please run:
  npx update-browserslist-db@latest
  Why you should do it regularly: https://github.com/browserslist/update-db#readme
 ⨯ [Error: ENOENT: no such file or directory, open 'E:\xplorebyte-website\.next\routes-manifest.json'] {
  errno: -4058,
  code: 'ENOENT',
  syscall: 'open',
  path: 'E:\\xplorebyte-website\\.next\\routes-manifest.json',
  page: '/'
}
 ⨯ [Error: ENOENT: no such file or directory, open 'E:\xplorebyte-website\.next\routes-manifest.json'] {
  errno: -4058,
  code: 'ENOENT',
  syscall: 'open',
  path: 'E:\\xplorebyte-website\\.next\\routes-manifest.json'
}
 ⨯ [Error: ENOENT: no such file or directory, open 'E:\xplorebyte-website\.next\routes-manifest.json'] {
  errno: -4058,
  code: 'ENOENT',
  syscall: 'open',
  path: 'E:\\xplorebyte-website\\.next\\routes-manifest.json',
  page: '/'
}
 ⨯ [Error: ENOENT: no such file or directory, open 'E:\xplorebyte-website\.next\routes-manifest.json'] {
  errno: -4058,
  code: 'ENOENT',
  syscall: 'open',
  path: 'E:\\xplorebyte-website\\.next\\routes-manifest.json'
}
 ⨯ [Error: ENOENT: no such file or directory, open 'E:\xplorebyte-website\.next\routes-manifest.json'] {
  errno: -4058,
  code: 'ENOENT',
  syscall: 'open',
  path: 'E:\\xplorebyte-website\\.next\\routes-manifest.json',
  page: '/'
}
 ⨯ [Error: ENOENT: no such file or directory, open 'E:\xplorebyte-website\.next\routes-manifest.json'] {
  errno: -4058,
  code: 'ENOENT',
  syscall: 'open',
  path: 'E:\\xplorebyte-website\\.next\\routes-manifest.json'
}
 ⨯ [Error: ENOENT: no such file or directory, open 'E:\xplorebyte-website\.next\routes-manifest.json'] {
  errno: -4058,
  code: 'ENOENT',
  syscall: 'open',
  path: 'E:\\xplorebyte-website\\.next\\routes-manifest.json',
  page: '/'
}
 ⨯ [Error: ENOENT: no such file or directory, open 'E:\xplorebyte-website\.next\routes-manifest.json'] {
  errno: -4058,
  code: 'ENOENT',
  syscall: 'open',
  path: 'E:\\xplorebyte-website\\.next\\routes-manifest.json'
}
