
> xplorebyte-website@0.1.0 dev
> next dev

   ▲ Next.js 15.4.5
   - Local:        http://localhost:3000
   - Network:      http://192.168.31.68:3000
   - Environments: .env.local

 ✓ Starting...
 ✓ Ready in 4.3s
 ○ Compiling /api/leads ...
 ✓ Compiled /api/leads in 4.7s (289 modules)
 POST /api/leads 200 in 9386ms
 POST /api/leads 500 in 21399ms
 POST /api/leads 201 in 2434ms
 POST /api/leads 201 in 1479ms
 POST /api/leads 201 in 1685ms
 POST /api/leads 201 in 163ms
 POST /api/leads 201 in 161ms
 POST /api/leads 201 in 158ms
 POST /api/leads 201 in 162ms
 ✓ Compiled in 91ms
 ✓ Compiled /api/leads in 405ms (102 modules)
 POST /api/leads 201 in 2539ms
 ○ Compiling / ...
 ✓ Compiled / in 19.8s (10613 modules)
 ○ Compiling /_error ...
 ✓ Compiled /_error in 7.2s (10927 modules)
 GET / 500 in 30085ms
 GET / 500 in 1000ms
 GET / 500 in 970ms
 GET / 500 in 949ms
